<?xml version='1.0' encoding='UTF-8'?>
<testsuite hostname="DESKTOP-S8SR6R8" name="haslang.SyntaxAnalysisTests" tests="42" errors="0" failures="0" skipped="0" time="0.287" timestamp="2021-09-25T21:37:18">
                     <properties>
      <property name="java.specification.version" value="15"/><property name="sun.cpu.isalist" value="amd64"/><property name="sun.jnu.encoding" value="Cp1252"/><property name="sbt.log.format" value="true"/><property name="sun.arch.data.model" value="64"/><property name="java.vendor.url" value="https://java.oracle.com/"/><property name="sun.boot.library.path" value="C:\Program Files\Java\jdk-15.0.2\bin"/><property name="sun.java.command" value="xsbt.boot.Boot"/><property name="jdk.debug" value="release"/><property name="sun.stderr.encoding" value="cp437"/><property name="java.specification.vendor" value="Oracle Corporation"/><property name="java.version.date" value="2021-01-19"/><property name="java.home" value="C:\Program Files\Java\jdk-15.0.2"/><property name="file.separator" value="\"/><property name="java.vm.compressedOopsMode" value="32-bit"/><property name="line.separator" value="
"/><property name="sun.stdout.encoding" value="cp437"/><property name="java.vm.specification.vendor" value="Oracle Corporation"/><property name="java.specification.name" value="Java Platform API Specification"/><property name="user.script" value=""/><property name="sun.management.compiler" value="HotSpot 64-Bit Tiered Compilers"/><property name="java.runtime.version" value="15.0.2+7-27"/><property name="user.name" value="Victor"/><property name="file.encoding" value="Cp1252"/><property name="jnidispatch.path" value="C:\Users\Victor\AppData\Local\Temp\jna--1732826265\jna8141553748671005284.dll"/><property name="jna.loaded" value="true"/><property name="java.io.tmpdir" value="C:\Users\Victor\AppData\Local\Temp\"/><property name="java.version" value="15.0.2"/><property name="java.vm.specification.name" value="Java Virtual Machine Specification"/><property name="sun.os.patch.level" value=""/><property name="java.library.path" value="C:\Program Files\Java\jdk-15.0.2\bin;C:\WINDOWS\Sun\Java\bin;C:\WINDOWS\system32;C:\WINDOWS;C:\Program Files\Java\jdk-11.0.12;C:\Program Files\Java\jdk-16.0.2;C:\Program Files (x86)\VMware\VMware Player\bin\;C:\Program Files\Java\jdk-15.0.2\bin;&quot;C:\Program Files;C:\Winnt;C:\Winnt\System32&quot;;C:\Program Files (x86)\mingw-w64\i686-8.1.0-posix-dwarf-rt_v6-rev0\mingw32\bin;C:\Program Files\Common Files\Oracle\Java\javapath;C:\Program Files (x86)\Common Files\Oracle\Java\javapath;C:\Program Files\Oculus\Support\oculus-runtime;C:\Program Files (x86)\NVIDIA Corporation\PhysX\Common;C:\Program Files (x86)\Razer\ChromaBroadcast\bin;C:\Program Files\Razer\ChromaBroadcast\bin;C:\Program Files (x86)\Razer Chroma SDK\bin;C:\Program Files\Razer Chroma SDK\bin;C:\Windows\system32;C:\Windows;C:\Windows\System32\Wbem;C:\Windows\System32\WindowsPowerShell\v1.0\;C:\Windows\System32\OpenSSH\;C:\Program Files\PuTTY\;C:\Windows\system32\config\systemprofile\AppData\Local\Microsoft\WindowsApps;C:\Users\Victor\AppData\Local\Microsoft\WindowsApps;C:\Users\Victor\AppData\Local\Programs\Microsoft VS Code\bin;C:\WINDOWS\system32;C:\WINDOWS;C:\WINDOWS\System32\Wbem;C:\WINDOWS\System32\WindowsPowerShell\v1.0\;C:\WINDOWS\System32\OpenSSH\;C:\ProgramData\chocolatey\bin;C:\Program Files\nodejs\;C:\Program Files\Git\cmd;C:\Program Files (x86)\scala\bin;C:\Program Files (x86)\sbt\bin;C:\Users\Victor\AppData\Local\Microsoft\WindowsApps;C:\Users\Victor\AppData\Local\Programs\Microsoft VS Code\bin;C:\Users\Victor\AppData\Roaming\npm;;."/><property name="java.vendor" value="Oracle Corporation"/><property name="scala.ext.dirs" value="C:\Users\Victor\.sbt\0.13\java9-rt-ext-oracle_corporation_15_0_2"/><property name="sun.io.unicode.encoding" value="UnicodeLittle"/><property name="java.class.path" value="C:\Program Files (x86)\sbt\bin\sbt-launch.jar"/><property name="java.vm.vendor" value="Oracle Corporation"/><property name="user.variant" value=""/><property name="jline.shutdownhook" value="false"/><property name="user.timezone" value="Australia/Sydney"/><property name="java.vm.specification.version" value="15"/><property name="os.name" value="Windows 10"/><property name="sun.java.launcher" value="SUN_STANDARD"/><property name="user.country" value="AU"/><property name="sun.cpu.endian" value="little"/><property name="user.home" value="C:\Users\Victor"/><property name="user.language" value="en"/><property name="jline.esc.timeout" value="0"/><property name="path.separator" value=";"/><property name="os.version" value="10.0"/><property name="jna.nosys" value="true"/><property name="java.runtime.name" value="Java(TM) SE Runtime Environment"/><property name="java.vm.name" value="Java HotSpot(TM) 64-Bit Server VM"/><property name="java.vendor.url.bug" value="https://bugreport.java.com/bugreport/"/><property name="user.dir" value="D:\University\COMP3000\Assignment 2\comp3000-haslang"/><property name="os.arch" value="amd64"/><property name="java.vm.info" value="mixed mode, sharing"/><property name="java.vm.version" value="15.0.2+7-27"/><property name="java.class.version" value="59.0"/>
    </properties>
                     <testcase classname="haslang.SyntaxAnalysisTests" name="equal expression" time="0.074">
                                                 
                                               </testcase><testcase classname="haslang.SyntaxAnalysisTests" name="less than expression" time="0.007">
                                                 
                                               </testcase><testcase classname="haslang.SyntaxAnalysisTests" name="addition expression" time="0.003">
                                                 
                                               </testcase><testcase classname="haslang.SyntaxAnalysisTests" name="subtraction expression" time="0.003">
                                                 
                                               </testcase><testcase classname="haslang.SyntaxAnalysisTests" name="multiplication expression" time="0.003">
                                                 
                                               </testcase><testcase classname="haslang.SyntaxAnalysisTests" name="division expression" time="0.002">
                                                 
                                               </testcase><testcase classname="haslang.SyntaxAnalysisTests" name="integer expression" time="0.002">
                                                 
                                               </testcase><testcase classname="haslang.SyntaxAnalysisTests" name="true expression" time="0.003">
                                                 
                                               </testcase><testcase classname="haslang.SyntaxAnalysisTests" name="false expression" time="0.002">
                                                 
                                               </testcase><testcase classname="haslang.SyntaxAnalysisTests" name="identifier expression" time="0.002">
                                                 
                                               </testcase><testcase classname="haslang.SyntaxAnalysisTests" name="parenthesized expression" time="0.003">
                                                 
                                               </testcase><testcase classname="haslang.SyntaxAnalysisTests" name="application expression 1" time="0.003">
                                                 
                                               </testcase><testcase classname="haslang.SyntaxAnalysisTests" name="expression containing an application expression" time="0.002">
                                                 
                                               </testcase><testcase classname="haslang.SyntaxAnalysisTests" name="if expression" time="0.006">
                                                 
                                               </testcase><testcase classname="haslang.SyntaxAnalysisTests" name="lambda expression" time="0.013">
                                                 
                                               </testcase><testcase classname="haslang.SyntaxAnalysisTests" name="basic type" time="0.001">
                                                 
                                               </testcase><testcase classname="haslang.SyntaxAnalysisTests" name="parsing unit type" time="0.001">
                                                 
                                               </testcase><testcase classname="haslang.SyntaxAnalysisTests" name="parsing list type" time="0.001">
                                                 
                                               </testcase><testcase classname="haslang.SyntaxAnalysisTests" name="parsing tuple type" time="0.006">
                                                 
                                               </testcase><testcase classname="haslang.SyntaxAnalysisTests" name="parsing function type" time="0.002">
                                                 
                                               </testcase><testcase classname="haslang.SyntaxAnalysisTests" name="parsing bracketted function type" time="0.001">
                                                 
                                               </testcase><testcase classname="haslang.SyntaxAnalysisTests" name="empty list" time="0.002">
                                                 
                                               </testcase><testcase classname="haslang.SyntaxAnalysisTests" name="cons expression" time="0.002">
                                                 
                                               </testcase><testcase classname="haslang.SyntaxAnalysisTests" name="list expression" time="0.002">
                                                 
                                               </testcase><testcase classname="haslang.SyntaxAnalysisTests" name="tuple expression" time="0.004">
                                                 
                                               </testcase><testcase classname="haslang.SyntaxAnalysisTests" name="underscore pattern" time="0.009">
                                                 
                                               </testcase><testcase classname="haslang.SyntaxAnalysisTests" name="literal pattern" time="0.001">
                                                 
                                               </testcase><testcase classname="haslang.SyntaxAnalysisTests" name="list pattern" time="0.004">
                                                 
                                               </testcase><testcase classname="haslang.SyntaxAnalysisTests" name="cons pattern" time="0.002">
                                                 
                                               </testcase><testcase classname="haslang.SyntaxAnalysisTests" name="tuple pattern" time="0.004">
                                                 
                                               </testcase><testcase classname="haslang.SyntaxAnalysisTests" name="simple function line" time="0.009">
                                                 
                                               </testcase><testcase classname="haslang.SyntaxAnalysisTests" name="more complicated function line" time="0.003">
                                                 
                                               </testcase><testcase classname="haslang.SyntaxAnalysisTests" name="simple variable" time="0.006">
                                                 
                                               </testcase><testcase classname="haslang.SyntaxAnalysisTests" name="function with two lines" time="0.002">
                                                 
                                               </testcase><testcase classname="haslang.SyntaxAnalysisTests" name="function with three lines" time="0.006">
                                                 
                                               </testcase><testcase classname="haslang.SyntaxAnalysisTests" name="one definition" time="0.005">
                                                 
                                               </testcase><testcase classname="haslang.SyntaxAnalysisTests" name="one definition with lambda" time="0.01">
                                                 
                                               </testcase><testcase classname="haslang.SyntaxAnalysisTests" name="two definitions" time="0.023">
                                                 
                                               </testcase><testcase classname="haslang.SyntaxAnalysisTests" name="let with one definition" time="0.016">
                                                 
                                               </testcase><testcase classname="haslang.SyntaxAnalysisTests" name="let with two definitions" time="0.008">
                                                 
                                               </testcase><testcase classname="haslang.SyntaxAnalysisTests" name="program with two definitions including lambda" time="0.01">
                                                 
                                               </testcase><testcase classname="haslang.SyntaxAnalysisTests" name="program with definitions including lambda and multiline fun" time="0.019">
                                                 
                                               </testcase>
                     <system-out><![CDATA[]]></system-out>
                     <system-err><![CDATA[]]></system-err>
                   </testsuite>